C:\USERS\100515125\DESKTOP\CELLTOWERSIM\DEBUG\ACTORSPRITE.OBJ
C:\USERS\100515125\DESKTOP\CELLTOWERSIM\DEBUG\CELLTOWERGAME.OBJ
C:\USERS\100515125\DESKTOP\CELLTOWERSIM\DEBUG\CELLTOWERSIM.EXE
C:\USERS\100515125\DESKTOP\CELLTOWERSIM\DEBUG\CELLTOWERSIM.EXE.INTERMEDIATE.MANIFEST
C:\USERS\100515125\DESKTOP\CELLTOWERSIM\DEBUG\CELLTOWERSIM.ILK
C:\USERS\100515125\DESKTOP\CELLTOWERSIM\DEBUG\CELLTOWERSIM.PDB
C:\USERS\100515125\DESKTOP\CELLTOWERSIM\DEBUG\CELLTOWERSPRITE.OBJ
C:\USERS\100515125\DESKTOP\CELLTOWERSIM\DEBUG\GAME.OBJ
C:\USERS\100515125\DESKTOP\CELLTOWERSIM\DEBUG\GAMEBACK.OBJ
C:\USERS\100515125\DESKTOP\CELLTOWERSIM\DEBUG\GRIDGAME.OBJ
C:\USERS\100515125\DESKTOP\CELLTOWERSIM\DEBUG\GRIDSPRITE.OBJ
C:\USERS\100515125\DESKTOP\CELLTOWERSIM\DEBUG\MAIN.OBJ
C:\USERS\100515125\DESKTOP\CELLTOWERSIM\DEBUG\PLAYERSPRITE.OBJ
C:\USERS\100515125\DESKTOP\CELLTOWERSIM\DEBUG\PRIMITIVES.OBJ
C:\USERS\100515125\DESKTOP\CELLTOWERSIM\DEBUG\SPRITE.OBJ
C:\USERS\100515125\DESKTOP\CELLTOWERSIM\DEBUG\TIMER.OBJ
C:\USERS\100515125\DESKTOP\CELLTOWERSIM\DEBUG\VC100.PDB
C:\USERS\100515125\DROPBOX\UOIT\INFR2140\PROJECT\CELLTOWERSIM\DEBUG\ACTORSPRITE.OBJ
C:\USERS\100515125\DROPBOX\UOIT\INFR2140\PROJECT\CELLTOWERSIM\DEBUG\CELLTOWERGAME.OBJ
C:\USERS\100515125\DROPBOX\UOIT\INFR2140\PROJECT\CELLTOWERSIM\DEBUG\CELLTOWERSIM.EXE
C:\USERS\100515125\DROPBOX\UOIT\INFR2140\PROJECT\CELLTOWERSIM\DEBUG\CELLTOWERSIM.EXE.INTERMEDIATE.MANIFEST
C:\USERS\100515125\DROPBOX\UOIT\INFR2140\PROJECT\CELLTOWERSIM\DEBUG\CELLTOWERSIM.ILK
C:\USERS\100515125\DROPBOX\UOIT\INFR2140\PROJECT\CELLTOWERSIM\DEBUG\CELLTOWERSIM.PDB
C:\USERS\100515125\DROPBOX\UOIT\INFR2140\PROJECT\CELLTOWERSIM\DEBUG\CELLTOWERSPRITE.OBJ
C:\USERS\100515125\DROPBOX\UOIT\INFR2140\PROJECT\CELLTOWERSIM\DEBUG\GAME.OBJ
C:\USERS\100515125\DROPBOX\UOIT\INFR2140\PROJECT\CELLTOWERSIM\DEBUG\GAMEBACK.OBJ
C:\USERS\100515125\DROPBOX\UOIT\INFR2140\PROJECT\CELLTOWERSIM\DEBUG\GRIDGAME.OBJ
C:\USERS\100515125\DROPBOX\UOIT\INFR2140\PROJECT\CELLTOWERSIM\DEBUG\GRIDSPRITE.OBJ
C:\USERS\100515125\DROPBOX\UOIT\INFR2140\PROJECT\CELLTOWERSIM\DEBUG\MAIN.OBJ
C:\USERS\100515125\DROPBOX\UOIT\INFR2140\PROJECT\CELLTOWERSIM\DEBUG\PLAYERSPRITE.OBJ
C:\USERS\100515125\DROPBOX\UOIT\INFR2140\PROJECT\CELLTOWERSIM\DEBUG\PRIMITIVES.OBJ
C:\USERS\100515125\DROPBOX\UOIT\INFR2140\PROJECT\CELLTOWERSIM\DEBUG\SPRITE.OBJ
C:\USERS\100515125\DROPBOX\UOIT\INFR2140\PROJECT\CELLTOWERSIM\DEBUG\TIMER.OBJ
C:\USERS\100515125\DROPBOX\UOIT\INFR2140\PROJECT\CELLTOWERSIM\DEBUG\VC100.PDB
C:\USERS\ALTELUS\DESKTOP\CELLTOWERSIM\DEBUG\ACTORSPRITE.OBJ
C:\USERS\ALTELUS\DESKTOP\CELLTOWERSIM\DEBUG\CELLTOWERGAME.OBJ
C:\USERS\ALTELUS\DESKTOP\CELLTOWERSIM\DEBUG\CELLTOWERSIM.EXE
C:\USERS\ALTELUS\DESKTOP\CELLTOWERSIM\DEBUG\CELLTOWERSIM.EXE.INTERMEDIATE.MANIFEST
C:\USERS\ALTELUS\DESKTOP\CELLTOWERSIM\DEBUG\CELLTOWERSIM.ILK
C:\USERS\ALTELUS\DESKTOP\CELLTOWERSIM\DEBUG\CELLTOWERSIM.PDB
C:\Users\Altelus\Desktop\CellTowerSim\Debug\CellTowerSim.vcxprojResolveAssemblyReference.cache
C:\Users\Altelus\Desktop\CellTowerSim\Debug\CellTowerSim.write.1.tlog
C:\USERS\ALTELUS\DESKTOP\CELLTOWERSIM\DEBUG\CELLTOWERSPRITE.OBJ
C:\Users\Altelus\Desktop\CellTowerSim\Debug\cl.command.1.tlog
C:\Users\Altelus\Desktop\CellTowerSim\Debug\CL.read.1.tlog
C:\Users\Altelus\Desktop\CellTowerSim\Debug\CL.write.1.tlog
C:\USERS\ALTELUS\DESKTOP\CELLTOWERSIM\DEBUG\GAME.OBJ
C:\USERS\ALTELUS\DESKTOP\CELLTOWERSIM\DEBUG\GAMEBACK.OBJ
C:\USERS\ALTELUS\DESKTOP\CELLTOWERSIM\DEBUG\GRIDGAME.OBJ
C:\USERS\ALTELUS\DESKTOP\CELLTOWERSIM\DEBUG\GRIDSPRITE.OBJ
C:\Users\Altelus\Desktop\CellTowerSim\Debug\link.command.1.tlog
C:\Users\Altelus\Desktop\CellTowerSim\Debug\link.read.1.tlog
C:\Users\Altelus\Desktop\CellTowerSim\Debug\link.write.1.tlog
C:\USERS\ALTELUS\DESKTOP\CELLTOWERSIM\DEBUG\MAIN.OBJ
C:\Users\Altelus\Desktop\CellTowerSim\Debug\mt.command.1.tlog
C:\Users\Altelus\Desktop\CellTowerSim\Debug\mt.read.1.tlog
C:\Users\Altelus\Desktop\CellTowerSim\Debug\mt.write.1.tlog
C:\USERS\ALTELUS\DESKTOP\CELLTOWERSIM\DEBUG\PLAYERSPRITE.OBJ
C:\USERS\ALTELUS\DESKTOP\CELLTOWERSIM\DEBUG\PRIMITIVES.OBJ
C:\USERS\ALTELUS\DESKTOP\CELLTOWERSIM\DEBUG\SPRITE.OBJ
C:\USERS\ALTELUS\DESKTOP\CELLTOWERSIM\DEBUG\TIMER.OBJ
C:\Users\Altelus\Desktop\CellTowerSim\Debug\vc100.idb
C:\USERS\ALTELUS\DESKTOP\CELLTOWERSIM\DEBUG\VC100.PDB
C:\USERS\ALTELUS\DROPBOX\UOIT\INFR2140\PROJECT\CELLTOWERSIM\DEBUG\ACTORSPRITE.OBJ
C:\USERS\ALTELUS\DROPBOX\UOIT\INFR2140\PROJECT\CELLTOWERSIM\DEBUG\CELLTOWERGAME.OBJ
C:\USERS\ALTELUS\DROPBOX\UOIT\INFR2140\PROJECT\CELLTOWERSIM\DEBUG\CELLTOWERSIM.EXE
C:\USERS\ALTELUS\DROPBOX\UOIT\INFR2140\PROJECT\CELLTOWERSIM\DEBUG\CELLTOWERSIM.EXE.INTERMEDIATE.MANIFEST
C:\USERS\ALTELUS\DROPBOX\UOIT\INFR2140\PROJECT\CELLTOWERSIM\DEBUG\CELLTOWERSIM.ILK
C:\USERS\ALTELUS\DROPBOX\UOIT\INFR2140\PROJECT\CELLTOWERSIM\DEBUG\CELLTOWERSIM.PDB
C:\USERS\ALTELUS\DROPBOX\UOIT\INFR2140\PROJECT\CELLTOWERSIM\DEBUG\CELLTOWERSPRITE.OBJ
C:\USERS\ALTELUS\DROPBOX\UOIT\INFR2140\PROJECT\CELLTOWERSIM\DEBUG\GAME.OBJ
C:\USERS\ALTELUS\DROPBOX\UOIT\INFR2140\PROJECT\CELLTOWERSIM\DEBUG\GAMEBACK.OBJ
C:\USERS\ALTELUS\DROPBOX\UOIT\INFR2140\PROJECT\CELLTOWERSIM\DEBUG\GRIDGAME.OBJ
C:\USERS\ALTELUS\DROPBOX\UOIT\INFR2140\PROJECT\CELLTOWERSIM\DEBUG\GRIDSPRITE.OBJ
C:\USERS\ALTELUS\DROPBOX\UOIT\INFR2140\PROJECT\CELLTOWERSIM\DEBUG\MAIN.OBJ
C:\USERS\ALTELUS\DROPBOX\UOIT\INFR2140\PROJECT\CELLTOWERSIM\DEBUG\PLAYERSPRITE.OBJ
C:\USERS\ALTELUS\DROPBOX\UOIT\INFR2140\PROJECT\CELLTOWERSIM\DEBUG\PRIMITIVES.OBJ
C:\USERS\ALTELUS\DROPBOX\UOIT\INFR2140\PROJECT\CELLTOWERSIM\DEBUG\SPRITE.OBJ
C:\USERS\ALTELUS\DROPBOX\UOIT\INFR2140\PROJECT\CELLTOWERSIM\DEBUG\TIMER.OBJ
C:\USERS\ALTELUS\DROPBOX\UOIT\INFR2140\PROJECT\CELLTOWERSIM\DEBUG\VC100.PDB
