C:\PERSONAL\EDU\■■ ... TEACHING\UOIT INFR 2140 ... OO PROGRAMMING - 2013WI\SOURCE\PACMAN\DEBUG\ACTORSPRITE.OBJ
C:\PERSONAL\EDU\■■ ... TEACHING\UOIT INFR 2140 ... OO PROGRAMMING - 2013WI\SOURCE\PACMAN\DEBUG\GAME.OBJ
C:\PERSONAL\EDU\■■ ... TEACHING\UOIT INFR 2140 ... OO PROGRAMMING - 2013WI\SOURCE\PACMAN\DEBUG\GAMEBACK.OBJ
C:\PERSONAL\EDU\■■ ... TEACHING\UOIT INFR 2140 ... OO PROGRAMMING - 2013WI\SOURCE\PACMAN\DEBUG\GRIDGAME.OBJ
C:\PERSONAL\EDU\■■ ... TEACHING\UOIT INFR 2140 ... OO PROGRAMMING - 2013WI\SOURCE\PACMAN\DEBUG\GRIDSPRITE.OBJ
C:\PERSONAL\EDU\■■ ... TEACHING\UOIT INFR 2140 ... OO PROGRAMMING - 2013WI\SOURCE\PACMAN\DEBUG\MAIN.OBJ
C:\PERSONAL\EDU\■■ ... TEACHING\UOIT INFR 2140 ... OO PROGRAMMING - 2013WI\SOURCE\PACMAN\DEBUG\PACMAN.EXE
C:\PERSONAL\EDU\■■ ... TEACHING\UOIT INFR 2140 ... OO PROGRAMMING - 2013WI\SOURCE\PACMAN\DEBUG\PACMAN.EXE.INTERMEDIATE.MANIFEST
C:\PERSONAL\EDU\■■ ... TEACHING\UOIT INFR 2140 ... OO PROGRAMMING - 2013WI\SOURCE\PACMAN\DEBUG\PACMAN.ILK
C:\PERSONAL\EDU\■■ ... TEACHING\UOIT INFR 2140 ... OO PROGRAMMING - 2013WI\SOURCE\PACMAN\DEBUG\PACMAN.PDB
C:\PERSONAL\EDU\■■ ... TEACHING\UOIT INFR 2140 ... OO PROGRAMMING - 2013WI\SOURCE\PACMAN\DEBUG\PACMANGAME.OBJ
C:\PERSONAL\EDU\■■ ... TEACHING\UOIT INFR 2140 ... OO PROGRAMMING - 2013WI\SOURCE\PACMAN\DEBUG\PLAYERSPRITE.OBJ
C:\PERSONAL\EDU\■■ ... TEACHING\UOIT INFR 2140 ... OO PROGRAMMING - 2013WI\SOURCE\PACMAN\DEBUG\PRIMITIVES.OBJ
C:\PERSONAL\EDU\■■ ... TEACHING\UOIT INFR 2140 ... OO PROGRAMMING - 2013WI\SOURCE\PACMAN\DEBUG\SPRITE.OBJ
C:\PERSONAL\EDU\■■ ... TEACHING\UOIT INFR 2140 ... OO PROGRAMMING - 2013WI\SOURCE\PACMAN\DEBUG\TIMER.OBJ
C:\PERSONAL\EDU\■■ ... TEACHING\UOIT INFR 2140 ... OO PROGRAMMING - 2013WI\SOURCE\PACMAN\DEBUG\VC100.PDB
C:\USERS\100515125\DROPBOX\UOIT\INFR2140\PROJECT\CELLTOWERSIM\DEBUG\ACTORSPRITE.OBJ
C:\USERS\100515125\DROPBOX\UOIT\INFR2140\PROJECT\CELLTOWERSIM\DEBUG\CELLTOWERSPRITE.OBJ
C:\USERS\100515125\DROPBOX\UOIT\INFR2140\PROJECT\CELLTOWERSIM\DEBUG\GAME.OBJ
C:\USERS\100515125\DROPBOX\UOIT\INFR2140\PROJECT\CELLTOWERSIM\DEBUG\GAMEBACK.OBJ
C:\USERS\100515125\DROPBOX\UOIT\INFR2140\PROJECT\CELLTOWERSIM\DEBUG\GRIDGAME.OBJ
C:\USERS\100515125\DROPBOX\UOIT\INFR2140\PROJECT\CELLTOWERSIM\DEBUG\GRIDSPRITE.OBJ
C:\USERS\100515125\DROPBOX\UOIT\INFR2140\PROJECT\CELLTOWERSIM\DEBUG\MAIN.OBJ
C:\USERS\100515125\DROPBOX\UOIT\INFR2140\PROJECT\CELLTOWERSIM\DEBUG\PACMAN.EXE
C:\USERS\100515125\DROPBOX\UOIT\INFR2140\PROJECT\CELLTOWERSIM\DEBUG\PACMAN.EXE.INTERMEDIATE.MANIFEST
C:\USERS\100515125\DROPBOX\UOIT\INFR2140\PROJECT\CELLTOWERSIM\DEBUG\PACMAN.ILK
C:\USERS\100515125\DROPBOX\UOIT\INFR2140\PROJECT\CELLTOWERSIM\DEBUG\PACMAN.PDB
C:\USERS\100515125\DROPBOX\UOIT\INFR2140\PROJECT\CELLTOWERSIM\DEBUG\PACMANGAME.OBJ
C:\USERS\100515125\DROPBOX\UOIT\INFR2140\PROJECT\CELLTOWERSIM\DEBUG\PLAYERSPRITE.OBJ
C:\USERS\100515125\DROPBOX\UOIT\INFR2140\PROJECT\CELLTOWERSIM\DEBUG\PRIMITIVES.OBJ
C:\USERS\100515125\DROPBOX\UOIT\INFR2140\PROJECT\CELLTOWERSIM\DEBUG\SPRITE.OBJ
C:\USERS\100515125\DROPBOX\UOIT\INFR2140\PROJECT\CELLTOWERSIM\DEBUG\TIMER.OBJ
C:\USERS\100515125\DROPBOX\UOIT\INFR2140\PROJECT\CELLTOWERSIM\DEBUG\VC100.PDB
C:\USERS\ALTELUS\DESKTOP\CELLTOWERSIM\DEBUG\ACTORSPRITE.OBJ
C:\USERS\ALTELUS\DESKTOP\CELLTOWERSIM\DEBUG\CELLTOWERSPRITE.OBJ
C:\USERS\ALTELUS\DESKTOP\CELLTOWERSIM\DEBUG\GAME.OBJ
C:\USERS\ALTELUS\DESKTOP\CELLTOWERSIM\DEBUG\GAMEBACK.OBJ
C:\USERS\ALTELUS\DESKTOP\CELLTOWERSIM\DEBUG\GRIDGAME.OBJ
C:\USERS\ALTELUS\DESKTOP\CELLTOWERSIM\DEBUG\GRIDSPRITE.OBJ
C:\USERS\ALTELUS\DESKTOP\CELLTOWERSIM\DEBUG\MAIN.OBJ
C:\USERS\ALTELUS\DESKTOP\CELLTOWERSIM\DEBUG\PACMAN.EXE
C:\USERS\ALTELUS\DESKTOP\CELLTOWERSIM\DEBUG\PACMAN.EXE.INTERMEDIATE.MANIFEST
C:\USERS\ALTELUS\DESKTOP\CELLTOWERSIM\DEBUG\PACMAN.ILK
C:\USERS\ALTELUS\DESKTOP\CELLTOWERSIM\DEBUG\PACMAN.PDB
C:\USERS\ALTELUS\DESKTOP\CELLTOWERSIM\DEBUG\PACMANGAME.OBJ
C:\USERS\ALTELUS\DESKTOP\CELLTOWERSIM\DEBUG\PLAYERSPRITE.OBJ
C:\USERS\ALTELUS\DESKTOP\CELLTOWERSIM\DEBUG\PRIMITIVES.OBJ
C:\USERS\ALTELUS\DESKTOP\CELLTOWERSIM\DEBUG\SPRITE.OBJ
C:\USERS\ALTELUS\DESKTOP\CELLTOWERSIM\DEBUG\TIMER.OBJ
C:\USERS\ALTELUS\DESKTOP\CELLTOWERSIM\DEBUG\VC100.PDB
C:\USERS\ALTELUS\DESKTOP\PACMAN\DEBUG\ACTORSPRITE.OBJ
C:\USERS\ALTELUS\DESKTOP\PACMAN\DEBUG\GAME.OBJ
C:\USERS\ALTELUS\DESKTOP\PACMAN\DEBUG\GAMEBACK.OBJ
C:\USERS\ALTELUS\DESKTOP\PACMAN\DEBUG\GRIDGAME.OBJ
C:\USERS\ALTELUS\DESKTOP\PACMAN\DEBUG\GRIDSPRITE.OBJ
C:\USERS\ALTELUS\DESKTOP\PACMAN\DEBUG\MAIN.OBJ
C:\USERS\ALTELUS\DESKTOP\PACMAN\DEBUG\PACMAN.EXE
C:\USERS\ALTELUS\DESKTOP\PACMAN\DEBUG\PACMAN.EXE.INTERMEDIATE.MANIFEST
C:\USERS\ALTELUS\DESKTOP\PACMAN\DEBUG\PACMAN.ILK
C:\USERS\ALTELUS\DESKTOP\PACMAN\DEBUG\PACMAN.PDB
C:\USERS\ALTELUS\DESKTOP\PACMAN\DEBUG\PACMANGAME.OBJ
C:\USERS\ALTELUS\DESKTOP\PACMAN\DEBUG\PLAYERSPRITE.OBJ
C:\USERS\ALTELUS\DESKTOP\PACMAN\DEBUG\PRIMITIVES.OBJ
C:\USERS\ALTELUS\DESKTOP\PACMAN\DEBUG\SPRITE.OBJ
C:\USERS\ALTELUS\DESKTOP\PACMAN\DEBUG\TIMER.OBJ
C:\USERS\ALTELUS\DESKTOP\PACMAN\DEBUG\VC100.PDB
C:\USERS\ALTELUS\DROPBOX\UOIT\INFR2140\PROJECT\CELLTOWERSIM\DEBUG\ACTORSPRITE.OBJ
C:\USERS\ALTELUS\DROPBOX\UOIT\INFR2140\PROJECT\CELLTOWERSIM\DEBUG\CELLTOWERSPRITE.OBJ
C:\Users\Altelus\Dropbox\UOIT\INFR2140\Project\CellTowerSim\Debug\cl.command.1.tlog
C:\Users\Altelus\Dropbox\UOIT\INFR2140\Project\CellTowerSim\Debug\CL.read.1.tlog
C:\Users\Altelus\Dropbox\UOIT\INFR2140\Project\CellTowerSim\Debug\CL.write.1.tlog
C:\Users\Altelus\Dropbox\UOIT\INFR2140\Project\CellTowerSim\Debug\DevIL.exp
C:\USERS\ALTELUS\DROPBOX\UOIT\INFR2140\PROJECT\CELLTOWERSIM\DEBUG\GAME.OBJ
C:\USERS\ALTELUS\DROPBOX\UOIT\INFR2140\PROJECT\CELLTOWERSIM\DEBUG\GAMEBACK.OBJ
C:\USERS\ALTELUS\DROPBOX\UOIT\INFR2140\PROJECT\CELLTOWERSIM\DEBUG\GRIDGAME.OBJ
C:\USERS\ALTELUS\DROPBOX\UOIT\INFR2140\PROJECT\CELLTOWERSIM\DEBUG\GRIDSPRITE.OBJ
C:\Users\Altelus\Dropbox\UOIT\INFR2140\Project\CellTowerSim\Debug\ILU.exp
C:\Users\Altelus\Dropbox\UOIT\INFR2140\Project\CellTowerSim\Debug\ILUT.exp
C:\Users\Altelus\Dropbox\UOIT\INFR2140\Project\CellTowerSim\Debug\link.command.1.tlog
C:\Users\Altelus\Dropbox\UOIT\INFR2140\Project\CellTowerSim\Debug\link.read.1.tlog
C:\Users\Altelus\Dropbox\UOIT\INFR2140\Project\CellTowerSim\Debug\link.write.1.tlog
C:\USERS\ALTELUS\DROPBOX\UOIT\INFR2140\PROJECT\CELLTOWERSIM\DEBUG\MAIN.OBJ
C:\Users\Altelus\Dropbox\UOIT\INFR2140\Project\CellTowerSim\Debug\mt.command.1.tlog
C:\Users\Altelus\Dropbox\UOIT\INFR2140\Project\CellTowerSim\Debug\mt.read.1.tlog
C:\Users\Altelus\Dropbox\UOIT\INFR2140\Project\CellTowerSim\Debug\mt.write.1.tlog
C:\USERS\ALTELUS\DROPBOX\UOIT\INFR2140\PROJECT\CELLTOWERSIM\DEBUG\PACMAN.EXE
C:\USERS\ALTELUS\DROPBOX\UOIT\INFR2140\PROJECT\CELLTOWERSIM\DEBUG\PACMAN.EXE.INTERMEDIATE.MANIFEST
C:\USERS\ALTELUS\DROPBOX\UOIT\INFR2140\PROJECT\CELLTOWERSIM\DEBUG\PACMAN.ILK
C:\USERS\ALTELUS\DROPBOX\UOIT\INFR2140\PROJECT\CELLTOWERSIM\DEBUG\PACMAN.PDB
C:\Users\Altelus\Dropbox\UOIT\INFR2140\Project\CellTowerSim\Debug\Pacman.vcxprojResolveAssemblyReference.cache
C:\Users\Altelus\Dropbox\UOIT\INFR2140\Project\CellTowerSim\Debug\Pacman.write.1.tlog
C:\USERS\ALTELUS\DROPBOX\UOIT\INFR2140\PROJECT\CELLTOWERSIM\DEBUG\PACMANGAME.OBJ
C:\USERS\ALTELUS\DROPBOX\UOIT\INFR2140\PROJECT\CELLTOWERSIM\DEBUG\PLAYERSPRITE.OBJ
C:\Users\Altelus\Dropbox\UOIT\INFR2140\Project\CellTowerSim\Debug\Practice2.ilk
C:\Users\Altelus\Dropbox\UOIT\INFR2140\Project\CellTowerSim\Debug\Practice2.pdb
C:\USERS\ALTELUS\DROPBOX\UOIT\INFR2140\PROJECT\CELLTOWERSIM\DEBUG\PRIMITIVES.OBJ
C:\USERS\ALTELUS\DROPBOX\UOIT\INFR2140\PROJECT\CELLTOWERSIM\DEBUG\SPRITE.OBJ
C:\USERS\ALTELUS\DROPBOX\UOIT\INFR2140\PROJECT\CELLTOWERSIM\DEBUG\TIMER.OBJ
C:\Users\Altelus\Dropbox\UOIT\INFR2140\Project\CellTowerSim\Debug\vc100.idb
C:\USERS\ALTELUS\DROPBOX\UOIT\INFR2140\PROJECT\CELLTOWERSIM\DEBUG\VC100.PDB
