Build started 09/08/2013 1:38:03 PM.
     1>Project "C:\Users\Altelus\Dropbox\UOIT\INFR2140\Project\CellTowerSim\Pacman.vcxproj" on node 2 (build target(s)).
     1>InitializeBuildStatus:
         Creating "Debug\Pacman.unsuccessfulbuild" because "AlwaysCreate" was specified.
       ClCompile:
         c:\Program Files (x86)\Microsoft Visual Studio 10.0\VC\bin\CL.exe /c /ZI /nologo /W3 /WX- /Od /Oy- /D _MBCS /Gm /EHsc /RTC1 /MDd /GS /fp:precise /Zc:wchar_t /Zc:forScope /Fo"Debug\\" /Fd"Debug\vc100.pdb" /Gd /TP /analyze- /errorReport:prompt Main.cpp CellTowerGame.cpp
         CellTowerGame.cpp
         Main.cpp
         Generating Code...
       Link:
         c:\Program Files (x86)\Microsoft Visual Studio 10.0\VC\bin\link.exe /ERRORREPORT:PROMPT /OUT:"C:\Users\Altelus\Dropbox\UOIT\INFR2140\Project\CellTowerSim\Debug\Pacman.exe" /NOLOGO /LIBPATH:"C:\Users\Altelus\Dropbox\UOIT\INFR2140\Project\CellTowerSim\$lib" kernel32.lib user32.lib gdi32.lib winspool.lib comdlg32.lib advapi32.lib shell32.lib ole32.lib oleaut32.lib uuid.lib odbc32.lib odbccp32.lib /MANIFEST /ManifestFile:"Debug\Pacman.exe.intermediate.manifest" /MANIFESTUAC:"level='asInvoker' uiAccess='false'" /DEBUG /PDB:"C:\Users\Altelus\Dropbox\UOIT\INFR2140\Project\CellTowerSim\Debug\Pacman.pdb" /TLBID:1 /DYNAMICBASE /NXCOMPAT /IMPLIB:"C:\Users\Altelus\Dropbox\UOIT\INFR2140\Project\CellTowerSim\Debug\Pacman.lib" /MACHINE:X86 Debug\Game.obj
         Debug\GameBack.obj
         Debug\GridSprite.obj
         Debug\GridGame.obj
         Debug\ActorSprite.obj
         Debug\CellTowerSprite.obj
         Debug\PlayerSprite.obj
         Debug\Main.obj
         Debug\CellTowerGame.obj
         Debug\Primitives.obj
         Debug\Sprite.obj
         Debug\Timer.obj
         lib\DevIL.lib
         lib\freeglut.lib
         lib\glut32.lib
         lib\ILU.lib
         lib\ILUT.lib
         LINK : C:\Users\Altelus\Dropbox\UOIT\INFR2140\Project\CellTowerSim\Debug\Pacman.exe not found or not built by the last incremental link; performing full link
         Pacman.vcxproj -> C:\Users\Altelus\Dropbox\UOIT\INFR2140\Project\CellTowerSim\Debug\Pacman.exe
       Manifest:
         C:\Program Files (x86)\Microsoft SDKs\Windows\v7.0A\bin\mt.exe /nologo /verbose /outputresource:"C:\Users\Altelus\Dropbox\UOIT\INFR2140\Project\CellTowerSim\Debug\Pacman.exe;#1" /manifest Debug\Pacman.exe.intermediate.manifest
       FinalizeBuildStatus:
         Deleting file "Debug\Pacman.unsuccessfulbuild".
         Touching "Debug\Pacman.lastbuildstate".
     1>Done Building Project "C:\Users\Altelus\Dropbox\UOIT\INFR2140\Project\CellTowerSim\Pacman.vcxproj" (build target(s)).

Build succeeded.

Time Elapsed 00:00:04.33
